make --dry-run --always-make --keep-going --print-directory
make: Entering directory `/Users/ssabbaji/Desktop/mms'
gcc  -I /goinfre/rsaf/.brew/opt/readline/include  -c -o main.o main.c
 
gcc  -I /goinfre/rsaf/.brew/opt/readline/include  -c -o ft_free.o ft_free.c
gcc  -I /goinfre/rsaf/.brew/opt/readline/include  -c -o ft_main.o ft_main.c
gcc  -I /goinfre/rsaf/.brew/opt/readline/include  -c -o ft_print_list.o ft_print_list.c
gcc  -I /goinfre/rsaf/.brew/opt/readline/include  -c -o parsing/parsing.o parsing/parsing.c
gcc  -I /goinfre/rsaf/.brew/opt/readline/include  -c -o parsing/parsing_utils.o parsing/parsing_utils.c
 
gcc  -I /goinfre/rsaf/.brew/opt/readline/include  -c -o parsing/ft_cmd_list.o parsing/ft_cmd_list.c
gcc  -I /goinfre/rsaf/.brew/opt/readline/include  -c -o parsing/ft_new_split.o parsing/ft_new_split.c
gcc  -I /goinfre/rsaf/.brew/opt/readline/include  -c -o delete_quotes/ft_delete_quotes.o delete_quotes/ft_delete_quotes.c
gcc  -I /goinfre/rsaf/.brew/opt/readline/include  -c -o delete_quotes/delete_quotes_utils.o delete_quotes/delete_quotes_utils.c
gcc  -I /goinfre/rsaf/.brew/opt/readline/include  -c -o parsing/exit_status.o parsing/exit_status.c
gcc  -I /goinfre/rsaf/.brew/opt/readline/include  -c -o parsing/parsing_utils2.o parsing/parsing_utils2.c
gcc  -I /goinfre/rsaf/.brew/opt/readline/include  -c -o parsing/parsing_utils3.o parsing/parsing_utils3.c
gcc  -I /goinfre/rsaf/.brew/opt/readline/include  -c -o parsing/parsing_utils4.o parsing/parsing_utils4.c
gcc  -I /goinfre/rsaf/.brew/opt/readline/include  -c -o parsing/parsing_utils5.o parsing/parsing_utils5.c
gcc  -I /goinfre/rsaf/.brew/opt/readline/include  -c -o lexer/lexer.o lexer/lexer.c
gcc  -I /goinfre/rsaf/.brew/opt/readline/include  -c -o lexer/lexer_utils.o lexer/lexer_utils.c
gcc  -I /goinfre/rsaf/.brew/opt/readline/include  -c -o lexer/ft_lexer_list.o lexer/ft_lexer_list.c
gcc  -I /goinfre/rsaf/.brew/opt/readline/include  -c -o lexer/ft_add_and.o lexer/ft_add_and.c
gcc  -I /goinfre/rsaf/.brew/opt/readline/include  -c -o lexer/ft_add_semi.o lexer/ft_add_semi.c
gcc  -I /goinfre/rsaf/.brew/opt/readline/include  -c -o lexer/ft_add_parenth.o lexer/ft_add_parenth.c
gcc  -I /goinfre/rsaf/.brew/opt/readline/include  -c -o lexer/ft_add_word.o lexer/ft_add_word.c
gcc  -I /goinfre/rsaf/.brew/opt/readline/include  -c -o lexer/ft_add_pipe.o lexer/ft_add_pipe.c
gcc  -I /goinfre/rsaf/.brew/opt/readline/include  -c -o lexer/ft_add_redirection.o lexer/ft_add_redirection.c
gcc  -I /goinfre/rsaf/.brew/opt/readline/include  -c -o env/ft_env.o env/ft_env.c
gcc  -I /goinfre/rsaf/.brew/opt/readline/include  -c -o env/ft_env_list.o env/ft_env_list.c
gcc  -I /goinfre/rsaf/.brew/opt/readline/include  -c -o syntax/syntax_analyzer.o syntax/syntax_analyzer.c
gcc  -I /goinfre/rsaf/.brew/opt/readline/include  -c -o syntax/ft_pipe.o syntax/ft_pipe.c
gcc  -I /goinfre/rsaf/.brew/opt/readline/include  -c -o syntax/ft_redirection.o syntax/ft_redirection.c
gcc  -I /goinfre/rsaf/.brew/opt/readline/include  -c -o syntax/ft_quotes.o syntax/ft_quotes.c
gcc  -I /goinfre/rsaf/.brew/opt/readline/include  -c -o builtin/echo.o builtin/echo.c
gcc  -I /goinfre/rsaf/.brew/opt/readline/include  -c -o builtin/cd.o builtin/cd.c
gcc  -I /goinfre/rsaf/.brew/opt/readline/include  -c -o builtin/pwd.o builtin/pwd.c
gcc  -I /goinfre/rsaf/.brew/opt/readline/include  -c -o builtin/unset.o builtin/unset.c
gcc  -I /goinfre/rsaf/.brew/opt/readline/include  -c -o builtin/env.o builtin/env.c
gcc  -I /goinfre/rsaf/.brew/opt/readline/include  -c -o builtin/export/export.o builtin/export/export.c
gcc  -I /goinfre/rsaf/.brew/opt/readline/include  -c -o builtin/export/export_utils.o builtin/export/export_utils.c
gcc  -I /goinfre/rsaf/.brew/opt/readline/include  -c -o builtin/export/export_utils2.o builtin/export/export_utils2.c
gcc  -I /goinfre/rsaf/.brew/opt/readline/include  -c -o builtin/export/export_utils3.o builtin/export/export_utils3.c
gcc  -I /goinfre/rsaf/.brew/opt/readline/include  -c -o builtin/exit.o builtin/exit.c
gcc  -I /goinfre/rsaf/.brew/opt/readline/include  -c -o utils/ft_putstr_fd.o utils/ft_putstr_fd.c
gcc  -I /goinfre/rsaf/.brew/opt/readline/include  -c -o utils/ft_get_env.o utils/ft_get_env.c
gcc  -I /goinfre/rsaf/.brew/opt/readline/include  -c -o utils/ft_itoa.o utils/ft_itoa.c
gcc  -I /goinfre/rsaf/.brew/opt/readline/include  -c -o utils/ft_strcmp.o utils/ft_strcmp.c
gcc  -I /goinfre/rsaf/.brew/opt/readline/include  -c -o utils/ft_strlen.o utils/ft_strlen.c
gcc  -I /goinfre/rsaf/.brew/opt/readline/include  -c -o utils/ft_calloc.o utils/ft_calloc.c
gcc  -I /goinfre/rsaf/.brew/opt/readline/include  -c -o utils/ft_strchr.o utils/ft_strchr.c
gcc  -I /goinfre/rsaf/.brew/opt/readline/include  -c -o utils/ft_trim.o utils/ft_trim.c
gcc  -I /goinfre/rsaf/.brew/opt/readline/include  -c -o expanding/ft_expanding.o expanding/ft_expanding.c
gcc  -I /goinfre/rsaf/.brew/opt/readline/include  -c -o expanding/expanding_utils.o expanding/expanding_utils.c
gcc  -I /goinfre/rsaf/.brew/opt/readline/include  -c -o expanding/ft_len.o expanding/ft_len.c
gcc  -I /goinfre/rsaf/.brew/opt/readline/include  -c -o expanding/expanding_utils2.o expanding/expanding_utils2.c
gcc  -I /goinfre/rsaf/.brew/opt/readline/include  -c -o execution/execution.o execution/execution.c
gcc  -I /goinfre/rsaf/.brew/opt/readline/include  -c -o execution/ft_get_path.o execution/ft_get_path.c
gcc  -I /goinfre/rsaf/.brew/opt/readline/include  -c -o execution/ft_cmd_exist.o execution/ft_cmd_exist.c
gcc  -I /goinfre/rsaf/.brew/opt/readline/include  -c -o execution/ft_if_builtin.o execution/ft_if_builtin.c
gcc  -I /goinfre/rsaf/.brew/opt/readline/include  -c -o execution/ft_init_pipes.o execution/ft_init_pipes.c
gcc  -I /goinfre/rsaf/.brew/opt/readline/include  -c -o execution/start_execution.o execution/start_execution.c
gcc  -I /goinfre/rsaf/.brew/opt/readline/include  -c -o execution/ft_dup.o execution/ft_dup.c
gcc  -I /goinfre/rsaf/.brew/opt/readline/include  -c -o execution/close_fds.o execution/close_fds.c
gcc  -I /goinfre/rsaf/.brew/opt/readline/include  -c -o execution/non_fork_funcs.o execution/non_fork_funcs.c
gcc  -I /goinfre/rsaf/.brew/opt/readline/include  -c -o execution/herdoc.o execution/herdoc.c
gcc  -I /goinfre/rsaf/.brew/opt/readline/include  -c -o execution/my_exec.o execution/my_exec.c
gcc  -I /goinfre/rsaf/.brew/opt/readline/include  -c -o init_signals.o init_signals.c
gcc  -I /goinfre/rsaf/.brew/opt/readline/include  -c -o execution/my_export.o execution/my_export.c
gcc -L /goinfre/rsaf/.brew/opt/readline/lib -lreadline main.o ft_free.o ft_main.o ft_print_list.o ./parsing/parsing.o ./parsing/parsing_utils.o ./parsing/ft_cmd_list.o ./parsing/ft_new_split.o ./delete_quotes/ft_delete_quotes.o ./delete_quotes/delete_quotes_utils.o ./parsing/exit_status.o ./parsing/parsing_utils2.o ./parsing/parsing_utils3.o ./parsing/parsing_utils4.o ./parsing/parsing_utils5.o ./lexer/lexer.o ./lexer/lexer_utils.o ./lexer/ft_lexer_list.o ./lexer/ft_add_and.o ./lexer/ft_add_semi.o ./lexer/ft_add_parenth.o ./lexer/ft_add_word.o ./lexer/ft_add_pipe.o ./lexer/ft_add_redirection.o ./env/ft_env.o ./env/ft_env_list.o ./syntax/syntax_analyzer.o ./syntax/ft_pipe.o ./syntax/ft_redirection.o ./syntax/ft_quotes.o ./builtin/echo.o ./builtin/cd.o ./builtin/pwd.o ./builtin/unset.o ./builtin/env.o ./builtin/export/export.o ./builtin/export/export_utils.o ./builtin/export/export_utils2.o ./builtin/export/export_utils3.o ./builtin/exit.o ./utils/ft_putstr_fd.o ./utils/ft_get_env.o ./utils/ft_itoa.o ./utils/ft_strcmp.o ./utils/ft_strlen.o ./utils/ft_calloc.o ./utils/ft_strchr.o ./utils/ft_trim.o ./expanding/ft_expanding.o ./expanding/expanding_utils.o ./expanding/ft_len.o ./expanding/expanding_utils2.o ./execution/execution.o ./execution/ft_get_path.o ./execution/ft_cmd_exist.o ./execution/ft_if_builtin.o ./execution/ft_init_pipes.o ./execution/start_execution.o ./execution/ft_dup.o ./execution/close_fds.o ./execution/non_fork_funcs.o ./execution/herdoc.o ./execution/my_exec.o init_signals.o ./execution/my_export.o -o minishell
make: Leaving directory `/Users/ssabbaji/Desktop/mms'
 
